Arguments: 
  /usr/local/bin/node /usr/local/bin/yarn add -D express

PATH: 
  /Users/shuxun/bin:/Users/shuxun/self_bin/phantomjs/bin:/usr/local/bin:/usr/local/bin:/usr/bin:/bin:/usr/sbin:/sbin:/usr/local/git/bin

Yarn version: 
  0.19.1

Node version: 
  7.1.0

Platform: 
  darwin x64

npm manifest: 
  {
    "name": "road-of-vue-ssr",
    "version": "1.0.0",
    "main": "index.js",
    "repository": {},
    "author": "shuxun.yin",
    "license": "MIT",
    "dependencies": {
      "vue": "^2.1.10",
      "vue-server-renderer": "^2.1.10"
    }
  }

yarn manifest: 
  No manifest

Lockfile: 
  # THIS IS AN AUTOGENERATED FILE. DO NOT EDIT THIS FILE DIRECTLY.
  # yarn lockfile v1
  
  
  de-indent@^1.0.2:
    version "1.0.2"
    resolved "https://registry.yarnpkg.com/de-indent/-/de-indent-1.0.2.tgz#b2038e846dc33baa5796128d0804b455b8c1e21d"
  
  he@^1.1.0:
    version "1.1.1"
    resolved "https://registry.yarnpkg.com/he/-/he-1.1.1.tgz#93410fd21b009735151f8868c2f271f3427e23fd"
  
  vue-server-renderer@^2.1.10:
    version "2.1.10"
    resolved "https://registry.yarnpkg.com/vue-server-renderer/-/vue-server-renderer-2.1.10.tgz#b88b75c7a004a9be70fecc1a6b86be7d0082c165"
    dependencies:
      de-indent "^1.0.2"
      he "^1.1.0"
  
  vue@^2.1.10:
    version "2.1.10"
    resolved "https://registry.yarnpkg.com/vue/-/vue-2.1.10.tgz#c9235ca48c7925137be5807832ac4e3ac180427b"

Trace: 
  Error: connect ETIMEDOUT 104.16.62.173:443
      at Object.exports._errnoException (util.js:1022:11)
      at exports._exceptionWithHostPort (util.js:1045:20)
      at TCPConnectWrap.afterConnect [as oncomplete] (net.js:1090:14)
